kotlin version: 2.3.10
error message: java.lang.RuntimeException: Exception while generating code for:
FUN name:HabitTrackerScreen visibility:public modality:FINAL returnType:kotlin.Unit
  annotations:
    Composable
  BLOCK_BODY
    VAR name:today type:@[FlexibleNullability] java.time.LocalDate? [val]
      CALL 'public final fun remember <T> (calculation: @[DisallowComposableCalls] kotlin.Function0<T of androidx.compose.runtime.ComposablesKt.remember>): T of androidx.compose.runtime.ComposablesKt.remember [inline] declared in androidx.compose.runtime.ComposablesKt' type=@[FlexibleNullability] java.time.LocalDate? origin=null
        TYPE_ARG T: @[FlexibleNullability] java.time.LocalDate?
        ARG calculation: RICH_FUNCTION_REFERENCE type=kotlin.Function0<@[FlexibleNullability] java.time.LocalDate?> origin=INLINE_LAMBDA reflectionTarget='null'
          overriddenFunctionSymbol: public abstract fun invoke (): R of kotlin.Function0 [operator] declared in kotlin.Function0
          invoke: FUN INLINE_LAMBDA name:HabitTrackerScreen$lambda$0 visibility:private modality:FINAL returnType:@[FlexibleNullability] java.time.LocalDate?
            BLOCK_BODY
              VAR name:$i$a$-remember-HomeScreenKt$HabitTrackerScreen$today$1 type:kotlin.Int [val]
                CONST Int type=kotlin.Int value=0
              RETURN type=kotlin.Nothing from='private final fun HabitTrackerScreen$lambda$0 (): @[FlexibleNullability] java.time.LocalDate? declared in compose.project.home.HomeScreenKt.HabitTrackerScreen'
                CALL 'public open fun now (): @[FlexibleNullability] java.time.LocalDate? declared in java.time.LocalDate' type=@[FlexibleNullability] java.time.LocalDate? origin=null
    VAR name:firstDayOfMonth type:@[FlexibleNullability] java.time.LocalDate? [val]
      CALL 'public final fun remember <T> (calculation: @[DisallowComposableCalls] kotlin.Function0<T of androidx.compose.runtime.ComposablesKt.remember>): T of androidx.compose.runtime.ComposablesKt.remember [inline] declared in androidx.compose.runtime.ComposablesKt' type=@[FlexibleNullability] java.time.LocalDate? origin=null
        TYPE_ARG T: @[FlexibleNullability] java.time.LocalDate?
        ARG calculation: RICH_FUNCTION_REFERENCE type=kotlin.Function0<@[FlexibleNullability] java.time.LocalDate?> origin=INLINE_LAMBDA reflectionTarget='null'
          overriddenFunctionSymbol: public abstract fun invoke (): R of kotlin.Function0 [operator] declared in kotlin.Function0
          bound $today: GET_VAR 'val today: @[FlexibleNullability] java.time.LocalDate? [val] declared in compose.project.home.HomeScreenKt.HabitTrackerScreen' type=@[FlexibleNullability] java.time.LocalDate? origin=null
          invoke: FUN INLINE_LAMBDA name:HabitTrackerScreen$lambda$1 visibility:private modality:FINAL returnType:@[FlexibleNullability] java.time.LocalDate?
            VALUE_PARAMETER BOUND_VALUE_PARAMETER kind:Regular name:$today index:0 type:@[FlexibleNullability] java.time.LocalDate?
            BLOCK_BODY
              VAR name:$i$a$-remember-HomeScreenKt$HabitTrackerScreen$firstDayOfMonth$1 type:kotlin.Int [val]
                CONST Int type=kotlin.Int value=0
              RETURN type=kotlin.Nothing from='private final fun HabitTrackerScreen$lambda$1 ($today: @[FlexibleNullability] java.time.LocalDate?): @[FlexibleNullability] java.time.LocalDate? declared in compose.project.home.HomeScreenKt.HabitTrackerScreen'
                CALL 'public open fun withDayOfMonth (p0: kotlin.Int): @[FlexibleNullability] java.time.LocalDate? declared in java.time.LocalDate' type=@[FlexibleNullability] java.time.LocalDate? origin=null
                  ARG <this>: GET_VAR '$today: @[FlexibleNullability] java.time.LocalDate? declared in compose.project.home.HomeScreenKt.HabitTrackerScreen.HabitTrackerScreen$lambda$1' type=@[FlexibleNullability] java.time.LocalDate? origin=null
                  ARG p0: CONST Int type=kotlin.Int value=1
    VAR name:daysInMonth type:kotlin.Int [val]
      CALL 'public final fun remember <T> (calculation: @[DisallowComposableCalls] kotlin.Function0<T of androidx.compose.runtime.ComposablesKt.remember>): T of androidx.compose.runtime.ComposablesKt.remember [inline] declared in androidx.compose.runtime.ComposablesKt' type=kotlin.Int origin=null
        TYPE_ARG T: kotlin.Int
        ARG calculation: RICH_FUNCTION_REFERENCE type=kotlin.Function0<kotlin.Int> origin=INLINE_LAMBDA reflectionTarget='null'
          overriddenFunctionSymbol: public abstract fun invoke (): R of kotlin.Function0 [operator] declared in kotlin.Function0
          bound $today: GET_VAR 'val today: @[FlexibleNullability] java.time.LocalDate? [val] declared in compose.project.home.HomeScreenKt.HabitTrackerScreen' type=@[FlexibleNullability] java.time.LocalDate? origin=null
          invoke: FUN INLINE_LAMBDA name:HabitTrackerScreen$lambda$2 visibility:private modality:FINAL returnType:kotlin.Int
            VALUE_PARAMETER BOUND_VALUE_PARAMETER kind:Regular name:$today index:0 type:@[FlexibleNullability] java.time.LocalDate?
            BLOCK_BODY
              VAR name:$i$a$-remember-HomeScreenKt$HabitTrackerScreen$daysInMonth$1 type:kotlin.Int [val]
                CONST Int type=kotlin.Int value=0
              RETURN type=kotlin.Nothing from='private final fun HabitTrackerScreen$lambda$2 ($today: @[FlexibleNullability] java.time.LocalDate?): kotlin.Int declared in compose.project.home.HomeScreenKt.HabitTrackerScreen'
                CALL 'public open fun lengthOfMonth (): kotlin.Int declared in java.time.LocalDate' type=kotlin.Int origin=null
                  ARG <this>: GET_VAR '$today: @[FlexibleNullability] java.time.LocalDate? declared in compose.project.home.HomeScreenKt.HabitTrackerScreen.HabitTrackerScreen$lambda$2' type=@[FlexibleNullability] java.time.LocalDate? origin=null
    VAR PROPERTY_DELEGATE name:completedDays$delegate type:androidx.compose.runtime.MutableState<kotlin.collections.Set<java.time.LocalDate>> [val]
      CALL 'public final fun remember <T> (calculation: @[DisallowComposableCalls] kotlin.Function0<T of androidx.compose.runtime.ComposablesKt.remember>): T of androidx.compose.runtime.ComposablesKt.remember [inline] declared in androidx.compose.runtime.ComposablesKt' type=androidx.compose.runtime.MutableState<kotlin.collections.Set<java.time.LocalDate>> origin=null
        TYPE_ARG T: androidx.compose.runtime.MutableState<kotlin.collections.Set<java.time.LocalDate>>
        ARG calculation: RICH_FUNCTION_REFERENCE type=kotlin.Function0<androidx.compose.runtime.MutableState<kotlin.collections.Set<java.time.LocalDate>>> origin=INLINE_LAMBDA reflectionTarget='null'
          overriddenFunctionSymbol: public abstract fun invoke (): R of kotlin.Function0 [operator] declared in kotlin.Function0
          invoke: FUN INLINE_LAMBDA name:HabitTrackerScreen$lambda$3 visibility:private modality:FINAL returnType:androidx.compose.runtime.MutableState<kotlin.collections.Set<java.time.LocalDate>>
            BLOCK_BODY
              VAR name:$i$a$-remember-HomeScreenKt$HabitTrackerScreen$completedDays$2 type:kotlin.Int [val]
                CONST Int type=kotlin.Int value=0
              RETURN type=kotlin.Nothing from='private final fun HabitTrackerScreen$lambda$3 (): androidx.compose.runtime.MutableState<kotlin.collections.Set<java.time.LocalDate>> declared in compose.project.home.HomeScreenKt.HabitTrackerScreen'
                TYPE_OP type=androidx.compose.runtime.MutableState<kotlin.collections.Set<java.time.LocalDate>> origin=IMPLICIT_CAST typeOperand=androidx.compose.runtime.MutableState<kotlin.collections.Set<java.time.LocalDate>>
                  CALL 'public final fun mutableStateOf$default <T> (value: T of androidx.compose.runtime.SnapshotStateKt.mutableStateOf$default, policy: androidx.compose.runtime.SnapshotMutationPolicy<T of androidx.compose.runtime.SnapshotStateKt.mutableStateOf$default>?, $mask0: kotlin.Int, $handler: kotlin.Any?): androidx.compose.runtime.MutableState<T of androidx.compose.runtime.SnapshotStateKt.mutableStateOf$default> declared in androidx.compose.runtime.SnapshotStateKt' type=androidx.compose.runtime.MutableState<T of androidx.compose.runtime.SnapshotStateKt.mutableStateOf$default> origin=DEFAULT_DISPATCH_CALL
                    TYPE_ARG T: kotlin.collections.Set<java.time.LocalDate>
                    ARG value: CALL 'public final fun setOf <T> (): kotlin.collections.Set<T of kotlin.collections.SetsKt.setOf> [inline] declared in kotlin.collections.SetsKt' type=kotlin.collections.Set<java.time.LocalDate> origin=null
                      TYPE_ARG T: java.time.LocalDate
                    ARG policy: COMPOSITE type=androidx.compose.runtime.SnapshotMutationPolicy<T of androidx.compose.runtime.SnapshotStateKt.mutableStateOf$default>? origin=DEFAULT_VALUE
                      CONST Null type=androidx.compose.runtime.SnapshotMutationPolicy<T of androidx.compose.runtime.SnapshotStateKt.mutableStateOf$default>? value=null
                    ARG $mask0: CONST Int type=kotlin.Int value=2
                    ARG $handler: CONST Null type=kotlin.Any? value=null
    VAR name:days type:kotlin.collections.List<@[FlexibleNullability] java.time.LocalDate?> [val]
      CALL 'public final fun remember <T> (calculation: @[DisallowComposableCalls] kotlin.Function0<T of androidx.compose.runtime.ComposablesKt.remember>): T of androidx.compose.runtime.ComposablesKt.remember [inline] declared in androidx.compose.runtime.ComposablesKt' type=kotlin.collections.List<@[FlexibleNullability] java.time.LocalDate?> origin=null
        TYPE_ARG T: kotlin.collections.List<@[FlexibleNullability] java.time.LocalDate?>
        ARG calculation: RICH_FUNCTION_REFERENCE type=kotlin.Function0<kotlin.collections.List<@[FlexibleNullability] java.time.LocalDate?>> origin=INLINE_LAMBDA reflectionTarget='null'
          overriddenFunctionSymbol: public abstract fun invoke (): R of kotlin.Function0 [operator] declared in kotlin.Function0
          bound $daysInMonth: GET_VAR 'val daysInMonth: kotlin.Int [val] declared in compose.project.home.HomeScreenKt.HabitTrackerScreen' type=kotlin.Int origin=null
          bound $firstDayOfMonth: GET_VAR 'val firstDayOfMonth: @[FlexibleNullability] java.time.LocalDate? [val] declared in compose.project.home.HomeScreenKt.HabitTrackerScreen' type=@[FlexibleNullability] java.time.LocalDate? origin=null
          invoke: FUN INLINE_LAMBDA name:HabitTrackerScreen$lambda$6 visibility:private modality:FINAL returnType:kotlin.collections.List<@[FlexibleNullability] java.time.LocalDate?>
            VALUE_PARAMETER BOUND_VALUE_PARAMETER kind:Regular name:$daysInMonth index:0 type:kotlin.Int
            VALUE_PARAMETER BOUND_VALUE_PARAMETER kind:Regular name:$firstDayOfMonth index:1 type:@[FlexibleNullability] java.time.LocalDate?
            BLOCK_BODY
              VAR name:$i$a$-remember-HomeScreenKt$HabitTrackerScreen$days$1 type:kotlin.Int [val]
                CONST Int type=kotlin.Int value=0
              RETURN type=kotlin.Nothing from='private final fun HabitTrackerScreen$lambda$6 ($daysInMonth: kotlin.Int, $firstDayOfMonth: @[FlexibleNullability] java.time.LocalDate?): kotlin.collections.List<@[FlexibleNullability] java.time.LocalDate?> declared in compose.project.home.HomeScreenKt.HabitTrackerScreen'
                CALL 'public final fun map <T, R> (<this>: kotlin.collections.Iterable<T of kotlin.collections.CollectionsKt.map>, transform: kotlin.Function1<T of kotlin.collections.CollectionsKt.map, R of kotlin.collections.CollectionsKt.map>): kotlin.collections.List<R of kotlin.collections.CollectionsKt.map> [inline] declared in kotlin.collections.CollectionsKt' type=kotlin.collections.List<@[FlexibleNullability] java.time.LocalDate?> origin=null
                  TYPE_ARG T: kotlin.Int
                  TYPE_ARG R: @[FlexibleNullability] java.time.LocalDate?
                  ARG <this>: CALL 'public final fun rangeTo (other: kotlin.Int): kotlin.ranges.IntRange [operator] declared in kotlin.Int' type=kotlin.ranges.IntRange origin=RANGE
                    ARG <this>: CONST Int type=kotlin.Int value=1
                    ARG other: GET_VAR '$daysInMonth: kotlin.Int declared in compose.project.home.HomeScreenKt.HabitTrackerScreen.HabitTrackerScreen$lambda$6' type=kotlin.Int origin=null
                  ARG transform: RICH_FUNCTION_REFERENCE type=kotlin.Function1<kotlin.Int, @[FlexibleNullability] java.time.LocalDate?> origin=INLINE_LAMBDA reflectionTarget='null'
                    overriddenFunctionSymbol: public abstract fun invoke (p1: P1 of kotlin.Function1): R of kotlin.Function1 [operator] declared in kotlin.Function1
                    bound $firstDayOfMonth: GET_VAR '$firstDayOfMonth: @[FlexibleNullability] java.time.LocalDate? declared in compose.project.home.HomeScreenKt.HabitTrackerScreen.HabitTrackerScreen$lambda$6' type=@[FlexibleNullability] java.time.LocalDate? origin=null
                    invoke: FUN INLINE_LAMBDA name:HabitTrackerScreen$lambda$6$0 visibility:private modality:FINAL returnType:@[FlexibleNullability] java.time.LocalDate?
                      VALUE_PARAMETER BOUND_VALUE_PARAMETER kind:Regular name:$firstDayOfMonth index:0 type:@[FlexibleNullability] java.time.LocalDate?
                      VALUE_PARAMETER kind:Regular name:it index:1 type:kotlin.Int
                      BLOCK_BODY
                        VAR name:$i$a$-map-HomeScreenKt$HabitTrackerScreen$days$1$1 type:kotlin.Int [val]
                          CONST Int type=kotlin.Int value=0
                        RETURN type=kotlin.Nothing from='private final fun HabitTrackerScreen$lambda$6$0 ($firstDayOfMonth: @[FlexibleNullability] java.time.LocalDate?, it: kotlin.Int): @[FlexibleNullability] java.time.LocalDate? declared in compose.project.home.HomeScreenKt.HabitTrackerScreen.HabitTrackerScreen$lambda$6'
                          CALL 'public open fun withDayOfMonth (p0: kotlin.Int): @[FlexibleNullability] java.time.LocalDate? declared in java.time.LocalDate' type=@[FlexibleNullability] java.time.LocalDate? origin=null
                            ARG <this>: GET_VAR '$firstDayOfMonth: @[FlexibleNullability] java.time.LocalDate? declared in compose.project.home.HomeScreenKt.HabitTrackerScreen.HabitTrackerScreen$lambda$6.HabitTrackerScreen$lambda$6$0' type=@[FlexibleNullability] java.time.LocalDate? origin=null
                            ARG p0: GET_VAR 'it: kotlin.Int declared in compose.project.home.HomeScreenKt.HabitTrackerScreen.HabitTrackerScreen$lambda$6.HabitTrackerScreen$lambda$6$0' type=kotlin.Int origin=null
    CALL 'public final fun Column$default (modifier: androidx.compose.ui.Modifier?, verticalArrangement: androidx.compose.foundation.layout.Arrangement.Vertical?, horizontalAlignment: androidx.compose.ui.Alignment.Horizontal?, content: @[Composable] @[ExtensionFunctionType] kotlin.Function1<androidx.compose.foundation.layout.ColumnScope, kotlin.Unit>, $mask0: kotlin.Int, $handler: kotlin.Any?): kotlin.Unit [inline] declared in androidx.compose.foundation.layout.ColumnKt' type=kotlin.Unit origin=DEFAULT_DISPATCH_CALL
      ARG modifier: CALL 'public final fun padding-3ABfNKs ($this$padding: androidx.compose.ui.Modifier, all: androidx.compose.ui.unit.Dp): androidx.compose.ui.Modifier declared in androidx.compose.foundation.layout.PaddingKt' type=androidx.compose.ui.Modifier origin=null
        ARG $this$padding: CALL 'public final fun fillMaxSize$default (<this>: androidx.compose.ui.Modifier, fraction: kotlin.Float, $mask0: kotlin.Int, $handler: kotlin.Any?): androidx.compose.ui.Modifier declared in androidx.compose.foundation.layout.SizeKt' type=androidx.compose.ui.Modifier origin=DEFAULT_DISPATCH_CALL
          ARG <this>: GET_FIELD 'FIELD FIELD_FOR_OBJECT_INSTANCE name:Companion type:androidx.compose.ui.Modifier.Companion visibility:public [final,static] declared in androidx.compose.ui.Modifier' type=androidx.compose.ui.Modifier.Companion origin=null
          ARG fraction: COMPOSITE type=kotlin.Float origin=DEFAULT_VALUE
            CONST Float type=kotlin.Float value=0.0
          ARG $mask0: CONST Int type=kotlin.Int value=1
          ARG $handler: CONST Null type=kotlin.Any? value=null
        ARG all: CALL 'public final fun <get-dp> (<this>: kotlin.Int): androidx.compose.ui.unit.Dp [inline] declared in androidx.compose.ui.unit.DpKt' type=androidx.compose.ui.unit.Dp origin=GET_PROPERTY
          ARG <this>: CONST Int type=kotlin.Int value=16
      ARG verticalArrangement: COMPOSITE type=androidx.compose.foundation.layout.Arrangement.Vertical? origin=DEFAULT_VALUE
        CONST Null type=androidx.compose.foundation.layout.Arrangement.Vertical? value=null
      ARG horizontalAlignment: COMPOSITE type=androidx.compose.ui.Alignment.Horizontal? origin=DEFAULT_VALUE
        CONST Null type=androidx.compose.ui.Alignment.Horizontal? value=null
      ARG content: RICH_FUNCTION_REFERENCE type=@[ExtensionFunctionType] kotlin.Function1<androidx.compose.foundation.layout.ColumnScope, kotlin.Unit> origin=INLINE_LAMBDA reflectionTarget='null'
        overriddenFunctionSymbol: public abstract fun invoke (p1: P1 of kotlin.Function1): R of kotlin.Function1 [operator] declared in kotlin.Function1
        bound $days: GET_VAR 'val days: kotlin.collections.List<@[FlexibleNullability] java.time.LocalDate?> [val] declared in compose.project.home.HomeScreenKt.HabitTrackerScreen' type=kotlin.collections.List<@[FlexibleNullability] java.time.LocalDate?> origin=null
        bound $today: GET_VAR 'val today: @[FlexibleNullability] java.time.LocalDate? [val] declared in compose.project.home.HomeScreenKt.HabitTrackerScreen' type=@[FlexibleNullability] java.time.LocalDate? origin=null
        bound $completedDays$delegate: GET_VAR 'val completedDays$delegate: androidx.compose.runtime.MutableState<kotlin.collections.Set<java.time.LocalDate>> [val] declared in compose.project.home.HomeScreenKt.HabitTrackerScreen' type=androidx.compose.runtime.MutableState<kotlin.collections.Set<java.time.LocalDate>> origin=null
        invoke: FUN INLINE_LAMBDA name:HabitTrackerScreen$lambda$7 visibility:private modality:FINAL returnType:kotlin.Unit
          VALUE_PARAMETER BOUND_VALUE_PARAMETER kind:Regular name:$days index:0 type:kotlin.collections.List<@[FlexibleNullability] java.time.LocalDate?>
          VALUE_PARAMETER BOUND_VALUE_PARAMETER kind:Regular name:$today index:1 type:@[FlexibleNullability] java.time.LocalDate?
          VALUE_PARAMETER BOUND_VALUE_PARAMETER kind:Regular name:$completedDays$delegate index:2 type:androidx.compose.runtime.MutableState<kotlin.collections.Set<java.time.LocalDate>>
          VALUE_PARAMETER BOUND_RECEIVER_PARAMETER kind:Regular name:$this$Column index:3 type:androidx.compose.foundation.layout.ColumnScope
          BLOCK_BODY
            VAR name:$i$a$-Column$default-HomeScreenKt$HabitTrackerScreen$1 type:kotlin.Int [val]
              CONST Int type=kotlin.Int value=0
            CALL 'public final fun Text-TjK39Kw$default (text: kotlin.String, modifier: androidx.compose.ui.Modifier?, color: androidx.compose.ui.graphics.Color, autoSize: androidx.compose.foundation.text.TextAutoSize?, fontSize: androidx.compose.ui.unit.TextUnit, fontStyle: androidx.compose.ui.text.font.FontStyle?, fontWeight: androidx.compose.ui.text.font.FontWeight?, fontFamily: androidx.compose.ui.text.font.FontFamily?, letterSpacing: androidx.compose.ui.unit.TextUnit, textDecoration: androidx.compose.ui.text.style.TextDecoration?, textAlign: androidx.compose.ui.text.style.TextAlign?, lineHeight: androidx.compose.ui.unit.TextUnit, overflow: androidx.compose.ui.text.style.TextOverflow, softWrap: kotlin.Boolean, maxLines: kotlin.Int, minLines: kotlin.Int, onTextLayout: kotlin.Function1<androidx.compose.ui.text.TextLayoutResult, kotlin.Unit>?, style: androidx.compose.ui.text.TextStyle?, $mask0: kotlin.Int, $handler: kotlin.Any?): kotlin.Unit declared in androidx.compose.material3.TextKt' type=kotlin.Unit origin=DEFAULT_DISPATCH_CALL
              ARG text: CONST String type=kotlin.String value="Habit tracker"
              ARG modifier: COMPOSITE type=androidx.compose.ui.Modifier? origin=DEFAULT_VALUE
                CONST Null type=androidx.compose.ui.Modifier? value=null
              ARG color: COMPOSITE type=androidx.compose.ui.graphics.Color origin=DEFAULT_VALUE
                CALL 'public final fun <unsafe-coerce> <T, R> (v: T of kotlin.jvm.internal.<unsafe-coerce>): R of kotlin.jvm.internal.<unsafe-coerce> declared in kotlin.jvm.internal' type=androidx.compose.ui.graphics.Color origin=null
                  TYPE_ARG T: kotlin.Long
                  TYPE_ARG R: androidx.compose.ui.graphics.Color
                  ARG v: CONST Long type=kotlin.Long value=0
              ARG autoSize: COMPOSITE type=androidx.compose.foundation.text.TextAutoSize? origin=DEFAULT_VALUE
                CONST Null type=androidx.compose.foundation.text.TextAutoSize? value=null
              ARG fontSize: COMPOSITE type=androidx.compose.ui.unit.TextUnit origin=DEFAULT_VALUE
                CALL 'public final fun <unsafe-coerce> <T, R> (v: T of kotlin.jvm.internal.<unsafe-coerce>): R of kotlin.jvm.internal.<unsafe-coerce> declared in kotlin.jvm.internal' type=androidx.compose.ui.unit.TextUnit origin=null
                  TYPE_ARG T: kotlin.Long
                  TYPE_ARG R: androidx.compose.ui.unit.TextUnit
                  ARG v: CONST Long type=kotlin.Long value=0
              ARG fontStyle: COMPOSITE type=androidx.compose.ui.text.font.FontStyle? origin=DEFAULT_VALUE
                CONST Null type=androidx.compose.ui.text.font.FontStyle? value=null
              ARG fontWeight: COMPOSITE type=androidx.compose.ui.text.font.FontWeight? origin=DEFAULT_VALUE
                CONST Null type=androidx.compose.ui.text.font.FontWeight? value=null
              ARG fontFamily: COMPOSITE type=androidx.compose.ui.text.font.FontFamily? origin=DEFAULT_VALUE
                CONST Null type=androidx.compose.ui.text.font.FontFamily? value=null
              ARG letterSpacing: COMPOSITE type=androidx.compose.ui.unit.TextUnit origin=DEFAULT_VALUE
                CALL 'public final fun <unsafe-coerce> <T, R> (v: T of kotlin.jvm.internal.<unsafe-coerce>): R of kotlin.jvm.internal.<unsafe-coerce> declared in kotlin.jvm.internal' type=androidx.compose.ui.unit.TextUnit origin=null
                  TYPE_ARG T: kotlin.Long
                  TYPE_ARG R: androidx.compose.ui.unit.TextUnit
                  ARG v: CONST Long type=kotlin.Long value=0
              ARG textDecoration: COMPOSITE type=androidx.compose.ui.text.style.TextDecoration? origin=DEFAULT_VALUE
                CONST Null type=androidx.compose.ui.text.style.TextDecoration? value=null
              ARG textAlign: COMPOSITE type=androidx.compose.ui.text.style.TextAlign? origin=DEFAULT_VALUE
                CONST Null type=androidx.compose.ui.text.style.TextAlign? value=null
              ARG lineHeight: COMPOSITE type=androidx.compose.ui.unit.TextUnit origin=DEFAULT_VALUE
                CALL 'public final fun <unsafe-coerce> <T, R> (v: T of kotlin.jvm.internal.<unsafe-coerce>): R of kotlin.jvm.internal.<unsafe-coerce> declared in kotlin.jvm.internal' type=androidx.compose.ui.unit.TextUnit origin=null
                  TYPE_ARG T: kotlin.Long
                  TYPE_ARG R: androidx.compose.ui.unit.TextUnit
                  ARG v: CONST Long type=kotlin.Long value=0
              ARG overflow: COMPOSITE type=androidx.compose.ui.text.style.TextOverflow origin=DEFAULT_VALUE
                CALL 'public final fun <unsafe-coerce> <T, R> (v: T of kotlin.jvm.internal.<unsafe-coerce>): R of kotlin.jvm.internal.<unsafe-coerce> declared in kotlin.jvm.internal' type=androidx.compose.ui.text.style.TextOverflow origin=null
                  TYPE_ARG T: kotlin.Int
                  TYPE_ARG R: androidx.compose.ui.text.style.TextOverflow
                  ARG v: CONST Int type=kotlin.Int value=0
              ARG softWrap: COMPOSITE type=kotlin.Boolean origin=DEFAULT_VALUE
                CONST Boolean type=kotlin.Boolean value=false
              ARG maxLines: COMPOSITE type=kotlin.Int origin=DEFAULT_VALUE
                CONST Int type=kotlin.Int value=0
              ARG minLines: COMPOSITE type=kotlin.Int origin=DEFAULT_VALUE
                CONST Int type=kotlin.Int value=0
              ARG onTextLayout: COMPOSITE type=kotlin.Function1<androidx.compose.ui.text.TextLayoutResult, kotlin.Unit>? origin=DEFAULT_VALUE
                CONST Null type=kotlin.Function1<androidx.compose.ui.text.TextLayoutResult, kotlin.Unit>? value=null
              ARG style: CALL 'public final fun <get-titleLarge> (): androidx.compose.ui.text.TextStyle declared in androidx.compose.material3.Typography' type=androidx.compose.ui.text.TextStyle origin=GET_PROPERTY
                ARG <this>: CALL 'public final fun <get-typography> (): androidx.compose.material3.Typography declared in androidx.compose.material3.MaterialTheme' type=androidx.compose.material3.Typography origin=GET_PROPERTY
                  ARG <this>: GET_FIELD 'FIELD FIELD_FOR_OBJECT_INSTANCE name:INSTANCE type:androidx.compose.material3.MaterialTheme visibility:public [final,static] declared in androidx.compose.material3.MaterialTheme' type=androidx.compose.material3.MaterialTheme origin=null
              ARG $mask0: CONST Int type=kotlin.Int value=131070
              ARG $handler: CONST Null type=kotlin.Any? value=null
            CALL 'public final fun Spacer (modifier: androidx.compose.ui.Modifier): kotlin.Unit declared in androidx.compose.foundation.layout.SpacerKt' type=kotlin.Unit origin=null
              ARG modifier: CALL 'public final fun height-3ABfNKs ($this$height: androidx.compose.ui.Modifier, height: androidx.compose.ui.unit.Dp): androidx.compose.ui.Modifier declared in androidx.compose.foundation.layout.SizeKt' type=androidx.compose.ui.Modifier origin=null
                ARG $this$height: GET_FIELD 'FIELD FIELD_FOR_OBJECT_INSTANCE name:Companion type:androidx.compose.ui.Modifier.Companion visibility:public [final,static] declared in androidx.compose.ui.Modifier' type=androidx.compose.ui.Modifier.Companion origin=null
                ARG height: CALL 'public final fun <get-dp> (<this>: kotlin.Int): androidx.compose.ui.unit.Dp [inline] declared in androidx.compose.ui.unit.DpKt' type=androidx.compose.ui.unit.Dp origin=GET_PROPERTY
                  ARG <this>: CONST Int type=kotlin.Int value=16
            CALL 'public final fun LazyVerticalGrid$default (columns: androidx.compose.foundation.lazy.grid.GridCells, modifier: androidx.compose.ui.Modifier?, state: androidx.compose.foundation.lazy.grid.LazyGridState?, contentPadding: androidx.compose.foundation.layout.PaddingValues?, reverseLayout: kotlin.Boolean, verticalArrangement: androidx.compose.foundation.layout.Arrangement.Vertical?, horizontalArrangement: androidx.compose.foundation.layout.Arrangement.Horizontal?, flingBehavior: androidx.compose.foundation.gestures.FlingBehavior?, userScrollEnabled: kotlin.Boolean, overscrollEffect: androidx.compose.foundation.OverscrollEffect?, content: @[ExtensionFunctionType] kotlin.Function1<androidx.compose.foundation.lazy.grid.LazyGridScope, kotlin.Unit>, $mask0: kotlin.Int, $handler: kotlin.Any?): kotlin.Unit declared in androidx.compose.foundation.lazy.grid.LazyGridDslKt' type=kotlin.Unit origin=DEFAULT_DISPATCH_CALL
              ARG columns: CONSTRUCTOR_CALL 'public constructor <init> (count: kotlin.Int) [primary] declared in androidx.compose.foundation.lazy.grid.GridCells.Fixed' type=androidx.compose.foundation.lazy.grid.GridCells.Fixed origin=null
                ARG count: CONST Int type=kotlin.Int value=7
              ARG modifier: COMPOSITE type=androidx.compose.ui.Modifier? origin=DEFAULT_VALUE
                CONST Null type=androidx.compose.ui.Modifier? value=null
              ARG state: COMPOSITE type=androidx.compose.foundation.lazy.grid.LazyGridState? origin=DEFAULT_VALUE
                CONST Null type=androidx.compose.foundation.lazy.grid.LazyGridState? value=null
              ARG contentPadding: COMPOSITE type=androidx.compose.foundation.layout.PaddingValues? origin=DEFAULT_VALUE
                CONST Null type=androidx.compose.foundation.layout.PaddingValues? value=null
              ARG reverseLayout: COMPOSITE type=kotlin.Boolean origin=DEFAULT_VALUE
                CONST Boolean type=kotlin.Boolean value=false
              ARG verticalArrangement: CALL 'public final fun spacedBy-0680j_4 (space: androidx.compose.ui.unit.Dp): androidx.compose.foundation.layout.Arrangement.HorizontalOrVertical declared in androidx.compose.foundation.layout.Arrangement' type=androidx.compose.foundation.layout.Arrangement.HorizontalOrVertical origin=null
                ARG <this>: GET_FIELD 'FIELD FIELD_FOR_OBJECT_INSTANCE name:INSTANCE type:androidx.compose.foundation.layout.Arrangement visibility:public [final,static] declared in androidx.compose.foundation.layout.Arrangement' type=androidx.compose.foundation.layout.Arrangement origin=null
                ARG space: CALL 'public final fun <get-dp> (<this>: kotlin.Int): androidx.compose.ui.unit.Dp [inline] declared in androidx.compose.ui.unit.DpKt' type=androidx.compose.ui.unit.Dp origin=GET_PROPERTY
                  ARG <this>: CONST Int type=kotlin.Int value=6
              ARG horizontalArrangement: CALL 'public final fun spacedBy-0680j_4 (space: androidx.compose.ui.unit.Dp): androidx.compose.foundation.layout.Arrangement.HorizontalOrVertical declared in androidx.compose.foundation.layout.Arrangement' type=androidx.compose.foundation.layout.Arrangement.HorizontalOrVertical origin=null
                ARG <this>: GET_FIELD 'FIELD FIELD_FOR_OBJECT_INSTANCE name:INSTANCE type:androidx.compose.foundation.layout.Arrangement visibility:public [final,static] declared in androidx.compose.foundation.layout.Arrangement' type=androidx.compose.foundation.layout.Arrangement origin=null
                ARG space: CALL 'public final fun <get-dp> (<this>: kotlin.Int): androidx.compose.ui.unit.Dp [inline] declared in androidx.compose.ui.unit.DpKt' type=androidx.compose.ui.unit.Dp origin=GET_PROPERTY
                  ARG <this>: CONST Int type=kotlin.Int value=6
              ARG flingBehavior: COMPOSITE type=androidx.compose.foundation.gestures.FlingBehavior? origin=DEFAULT_VALUE
                CONST Null type=androidx.compose.foundation.gestures.FlingBehavior? value=null
              ARG userScrollEnabled: COMPOSITE type=kotlin.Boolean origin=DEFAULT_VALUE
                CONST Boolean type=kotlin.Boolean value=false
              ARG overscrollEffect: COMPOSITE type=androidx.compose.foundation.OverscrollEffect? origin=DEFAULT_VALUE
                CONST Null type=androidx.compose.foundation.OverscrollEffect? value=null
              ARG content: BLOCK type=@[ExtensionFunctionType] kotlin.Function1<androidx.compose.foundation.lazy.grid.LazyGridScope, kotlin.Unit> origin=LAMBDA
                COMPOSITE type=kotlin.Unit origin=null
                CALL 'public final fun <jvm-indy> <T> (dynamicCall: T of kotlin.jvm.internal.<jvm-indy>, bootstrapMethodHandle: kotlin.Any, vararg bootstrapMethodArguments: kotlin.Any): T of kotlin.jvm.internal.<jvm-indy> declared in kotlin.jvm.internal' type=@[ExtensionFunctionType] kotlin.Function1<androidx.compose.foundation.lazy.grid.LazyGridScope, kotlin.Unit> origin=null
                  TYPE_ARG T: @[ExtensionFunctionType] kotlin.Function1<androidx.compose.foundation.lazy.grid.LazyGridScope, kotlin.Unit>
                  ARG dynamicCall: CALL 'public final fun invoke (p0: kotlin.collections.List<@[FlexibleNullability] java.time.LocalDate?>, p1: @[FlexibleNullability] java.time.LocalDate?, p2: androidx.compose.runtime.MutableState<kotlin.collections.Set<java.time.LocalDate>>): @[ExtensionFunctionType] kotlin.Function1<androidx.compose.foundation.lazy.grid.LazyGridScope, kotlin.Unit> declared in kotlin.jvm.internal.invokeDynamic' type=@[ExtensionFunctionType] kotlin.Function1<androidx.compose.foundation.lazy.grid.LazyGridScope, kotlin.Unit> origin=null
                    ARG p0: GET_VAR '$days: kotlin.collections.List<@[FlexibleNullability] java.time.LocalDate?> declared in compose.project.home.HomeScreenKt.HabitTrackerScreen.HabitTrackerScreen$lambda$7' type=kotlin.collections.List<@[FlexibleNullability] java.time.LocalDate?> origin=null
                    ARG p1: GET_VAR '$today: @[FlexibleNullability] java.time.LocalDate? declared in compose.project.home.HomeScreenKt.HabitTrackerScreen.HabitTrackerScreen$lambda$7' type=@[FlexibleNullability] java.time.LocalDate? origin=null
                    ARG p2: GET_VAR '$completedDays$delegate: androidx.compose.runtime.MutableState<kotlin.collections.Set<java.time.LocalDate>> declared in compose.project.home.HomeScreenKt.HabitTrackerScreen.HabitTrackerScreen$lambda$7' type=androidx.compose.runtime.MutableState<kotlin.collections.Set<java.time.LocalDate>> origin=null
                  ARG bootstrapMethodHandle: CALL 'public final fun <jvm-method-handle> (tag: kotlin.Int, owner: kotlin.String, name: kotlin.String, descriptor: kotlin.String, isInterface: kotlin.Boolean): kotlin.Any declared in kotlin.jvm.internal' type=kotlin.Any origin=null
                    ARG tag: CONST Int type=kotlin.Int value=6
                    ARG owner: CONST String type=kotlin.String value="java/lang/invoke/LambdaMetafactory"
                    ARG name: CONST String type=kotlin.String value="metafactory"
                    ARG descriptor: CONST String type=kotlin.String value="(Ljava/lang/invoke/MethodHandles$Lookup;Ljava/lang/String;Ljava/lang/invoke/MethodType;Ljava/lang/invoke/MethodType;Ljava/lang/invoke/MethodHandle;Ljava/lang/invoke/MethodType;)Ljava/lang/invoke/CallSite;"
                    ARG isInterface: CONST Boolean type=kotlin.Boolean value=false
                  ARG bootstrapMethodArguments: VARARG type=kotlin.Array<kotlin.Any> varargElementType=kotlin.Any
                    CALL 'public final fun <jvm-original-method-type> (method: kotlin.Any): kotlin.Any declared in kotlin.jvm.internal' type=kotlin.Any origin=null
                      ARG method: RAW_FUNCTION_REFERENCE 'public abstract fun invoke (p1: P1 of kotlin.Function1): R of kotlin.Function1 [operator] declared in kotlin.Function1' type=kotlin.Any
                    RAW_FUNCTION_REFERENCE 'private final fun HabitTrackerScreen$lambda$7$0 ($days: kotlin.collections.List<@[FlexibleNullability] java.time.LocalDate?>, $today: @[FlexibleNullability] java.time.LocalDate?, $completedDays$delegate: androidx.compose.runtime.MutableState<kotlin.collections.Set<java.time.LocalDate>>, $this$LazyVerticalGrid: androidx.compose.foundation.lazy.grid.LazyGridScope): kotlin.Unit? declared in compose.project.home.HomeScreenKt' type=kotlin.Any
                    CALL 'public final fun <jvm-original-method-type> (method: kotlin.Any): kotlin.Any declared in kotlin.jvm.internal' type=kotlin.Any origin=null
                      ARG method: RAW_FUNCTION_REFERENCE 'public abstract fun invoke (p1: androidx.compose.foundation.lazy.grid.LazyGridScope): kotlin.Unit? [fake_override,operator] declared in kotlin.jvm.internal.invokeDynamic.<fake>' type=kotlin.Any
              ARG $mask0: CONST Int type=kotlin.Int value=926
              ARG $handler: CONST Null type=kotlin.Any? value=null
      ARG $mask0: CONST Int type=kotlin.Int value=6
      ARG $handler: CONST Null type=kotlin.Any? value=null

	at org.jetbrains.kotlin.backend.jvm.codegen.FunctionCodegen.generate(FunctionCodegen.kt:56)
	at org.jetbrains.kotlin.backend.jvm.codegen.FunctionCodegen.generate$default(FunctionCodegen.kt:49)
	at org.jetbrains.kotlin.backend.jvm.codegen.ClassCodegen.generateMethodNode(ClassCodegen.kt:428)
	at org.jetbrains.kotlin.backend.jvm.codegen.ClassCodegen.generateMethod(ClassCodegen.kt:445)
	at org.jetbrains.kotlin.backend.jvm.codegen.ClassCodegen.generate(ClassCodegen.kt:168)
	at org.jetbrains.kotlin.backend.jvm.JvmIrCodegenFactory.generateFile(JvmIrCodegenFactory.kt:467)
	at org.jetbrains.kotlin.backend.jvm.JvmIrCodegenFactory.invokeCodegen(JvmIrCodegenFactory.kt:433)
	at org.jetbrains.kotlin.cli.jvm.compiler.KotlinToJVMBytecodeCompiler.runCodegen$cli(KotlinToJVMBytecodeCompiler.kt:409)
	at org.jetbrains.kotlin.cli.pipeline.jvm.JvmBackendPipelinePhase.executePhase(JvmBackendPipelinePhase.kt:89)
	at org.jetbrains.kotlin.cli.pipeline.jvm.JvmBackendPipelinePhase.executePhase(JvmBackendPipelinePhase.kt:27)
	at org.jetbrains.kotlin.cli.pipeline.PipelinePhase.phaseBody(PipelinePhase.kt:68)
	at org.jetbrains.kotlin.cli.pipeline.PipelinePhase.phaseBody(PipelinePhase.kt:58)
	at org.jetbrains.kotlin.config.phaser.NamedCompilerPhase.invoke(CompilerPhase.kt:102)
	at org.jetbrains.kotlin.backend.common.phaser.CompositePhase.invoke(PhaseBuilders.kt:22)
	at org.jetbrains.kotlin.config.phaser.CompilerPhaseKt.invokeToplevel(CompilerPhase.kt:53)
	at org.jetbrains.kotlin.cli.pipeline.AbstractCliPipeline.runPhasedPipeline(AbstractCliPipeline.kt:109)
	at org.jetbrains.kotlin.cli.pipeline.AbstractCliPipeline.execute(AbstractCliPipeline.kt:68)
	at org.jetbrains.kotlin.cli.jvm.K2JVMCompiler.doExecutePhased(K2JVMCompiler.kt:51)
	at org.jetbrains.kotlin.cli.jvm.K2JVMCompiler.doExecutePhased(K2JVMCompiler.kt:42)
	at org.jetbrains.kotlin.cli.common.CLICompiler.execImpl(CLICompiler.kt:89)
	at org.jetbrains.kotlin.cli.common.CLICompiler.exec(CLICompiler.kt:359)
	at org.jetbrains.kotlin.incremental.IncrementalJvmCompilerRunnerBase.runCompiler(IncrementalJvmCompilerRunnerBase.kt:178)
	at org.jetbrains.kotlin.incremental.IncrementalJvmCompilerRunnerBase.runCompiler(IncrementalJvmCompilerRunnerBase.kt:40)
	at org.jetbrains.kotlin.incremental.IncrementalCompilerRunner.doCompile(IncrementalCompilerRunner.kt:504)
	at org.jetbrains.kotlin.incremental.IncrementalCompilerRunner.compileImpl(IncrementalCompilerRunner.kt:418)
	at org.jetbrains.kotlin.incremental.IncrementalCompilerRunner.compileNonIncrementally(IncrementalCompilerRunner.kt:301)
	at org.jetbrains.kotlin.incremental.IncrementalCompilerRunner.compile(IncrementalCompilerRunner.kt:128)
	at org.jetbrains.kotlin.daemon.CompileServiceImplBase.execIncrementalCompiler(CompileServiceImpl.kt:684)
	at org.jetbrains.kotlin.daemon.CompileServiceImplBase.access$execIncrementalCompiler(CompileServiceImpl.kt:94)
	at org.jetbrains.kotlin.daemon.CompileServiceImpl.compile(CompileServiceImpl.kt:1810)
	at java.base/jdk.internal.reflect.DirectMethodHandleAccessor.invoke(Unknown Source)
	at java.base/java.lang.reflect.Method.invoke(Unknown Source)
	at java.rmi/sun.rmi.server.UnicastServerRef.dispatch(Unknown Source)
	at java.rmi/sun.rmi.transport.Transport$1.run(Unknown Source)
	at java.rmi/sun.rmi.transport.Transport$1.run(Unknown Source)
	at java.base/java.security.AccessController.doPrivileged(Unknown Source)
	at java.rmi/sun.rmi.transport.Transport.serviceCall(Unknown Source)
	at java.rmi/sun.rmi.transport.tcp.TCPTransport.handleMessages(Unknown Source)
	at java.rmi/sun.rmi.transport.tcp.TCPTransport$ConnectionHandler.run0(Unknown Source)
	at java.rmi/sun.rmi.transport.tcp.TCPTransport$ConnectionHandler.lambda$run$0(Unknown Source)
	at java.base/java.security.AccessController.doPrivileged(Unknown Source)
	at java.rmi/sun.rmi.transport.tcp.TCPTransport$ConnectionHandler.run(Unknown Source)
	at java.base/java.util.concurrent.ThreadPoolExecutor.runWorker(Unknown Source)
	at java.base/java.util.concurrent.ThreadPoolExecutor$Worker.run(Unknown Source)
	at java.base/java.lang.Thread.run(Unknown Source)
Caused by: org.jetbrains.kotlin.codegen.CompilationException: Back-end (JVM) Internal error: Couldn't inline method call: CALL 'public final fun remember <T> (calculation: @[DisallowComposableCalls] kotlin.Function0<T of androidx.compose.runtime.ComposablesKt.remember>): T of androidx.compose.runtime.ComposablesKt.remember [inline] declared in androidx.compose.runtime.ComposablesKt' type=@[FlexibleNullability] java.time.LocalDate? origin=null
Method: null
File is unknown
The root cause java.lang.IllegalStateException was thrown at: org.jetbrains.kotlin.codegen.inline.SourceCompilerForInlineKt.getMethodNode(SourceCompilerForInline.kt:129)
	at org.jetbrains.kotlin.backend.jvm.codegen.IrInlineCodegen.genInlineCall(IrInlineCodegen.kt:81)
	at org.jetbrains.kotlin.backend.jvm.codegen.IrInlineCallGenerator.genCall(IrInlineCallGenerator.kt:36)
	at org.jetbrains.kotlin.backend.jvm.codegen.ExpressionCodegen.visitCall(ExpressionCodegen.kt:554)
	at org.jetbrains.kotlin.backend.jvm.codegen.ExpressionCodegen.visitCall(ExpressionCodegen.kt:138)
	at org.jetbrains.kotlin.ir.expressions.IrCall.accept(IrCall.kt:24)
	at org.jetbrains.kotlin.backend.jvm.codegen.ExpressionCodegen.visitVariable(ExpressionCodegen.kt:685)
	at org.jetbrains.kotlin.backend.jvm.codegen.ExpressionCodegen.visitVariable(ExpressionCodegen.kt:138)
	at org.jetbrains.kotlin.ir.declarations.IrVariable.accept(IrVariable.kt:36)
	at org.jetbrains.kotlin.backend.jvm.codegen.ExpressionCodegen.visitStatementContainer(ExpressionCodegen.kt:489)
	at org.jetbrains.kotlin.backend.jvm.codegen.ExpressionCodegen.visitBlockBody(ExpressionCodegen.kt:494)
	at org.jetbrains.kotlin.backend.jvm.codegen.ExpressionCodegen.visitBlockBody(ExpressionCodegen.kt:138)
	at org.jetbrains.kotlin.ir.expressions.IrBlockBody.accept(IrBlockBody.kt:20)
	at org.jetbrains.kotlin.backend.jvm.codegen.ExpressionCodegen.generate(ExpressionCodegen.kt:231)
	at org.jetbrains.kotlin.backend.jvm.codegen.FunctionCodegen.doGenerate(FunctionCodegen.kt:132)
	at org.jetbrains.kotlin.backend.jvm.codegen.FunctionCodegen.generate(FunctionCodegen.kt:53)
	... 44 more
Caused by: java.lang.IllegalStateException: couldn't find inline method Landroidx/compose/runtime/ComposablesKt;.remember(Lkotlin/jvm/functions/Function0;)Ljava/lang/Object;
	at org.jetbrains.kotlin.codegen.inline.SourceCompilerForInlineKt.getMethodNode(SourceCompilerForInline.kt:129)
	at org.jetbrains.kotlin.codegen.inline.SourceCompilerForInlineKt.loadCompiledInlineFunction$lambda$0(SourceCompilerForInline.kt:98)
	at org.jetbrains.kotlin.codegen.inline.InlineCache.computeMethodBytes(InlineCache.kt:90)
	at org.jetbrains.kotlin.codegen.inline.SourceCompilerForInlineKt.loadCompiledInlineFunction(SourceCompilerForInline.kt:93)
	at org.jetbrains.kotlin.backend.jvm.codegen.IrSourceCompilerForInline.compileInlineFunction(IrSourceCompilerForInline.kt:96)
	at org.jetbrains.kotlin.backend.jvm.codegen.IrInlineCodegen.genInlineCall(IrInlineCodegen.kt:64)
	... 58 more


